2017-11-20 11:36:39,550 [Worker-0] INFO  c.g.t.t.d.PublishedGradleVersions - Gradle version information cache is out-of-date. Trying to update.
2017-11-20 11:51:20,963 [Worker-10] INFO  o.e.m.c.i.l.LifecycleMappingFactory - Using org.eclipse.m2e.jdt.JarLifecycleMapping lifecycle mapping for MavenProject: org.mongodb:M101J:1.0-SNAPSHOT @ C:\Users\usuario\Documents\Sistemas de informação20\Sistemas de informação 10\projeto banco dados\Nova pasta\blog-accep02\blog_accepting_posts_and_comments\pom.xml.
2017-11-20 11:51:20,964 [Worker-29] INFO  o.e.m.c.i.l.LifecycleMappingFactory - Using org.eclipse.m2e.jdt.JarLifecycleMapping lifecycle mapping for MavenProject: org.mongodb:M101J:1.0-SNAPSHOT @ C:\Users\usuario\Documents\Sistemas de informação20\Sistemas de informação 10\projeto banco dados\Nova pasta\blog-accep02\blog_accepting_posts_and_comments\pom.xml.
2017-11-20 11:51:27,550 [Worker-10] WARN  o.e.m.c.i.embedder.EclipseLogger - Using platform encoding (Cp1252 actually) to copy filtered resources, i.e. build is platform dependent!
2017-11-20 11:51:27,580 [Worker-10] INFO  o.e.m.c.i.embedder.EclipseLogger - Copying 8 resources
2017-11-20 11:51:27,830 [Worker-10] WARN  o.e.m.c.i.embedder.EclipseLogger - Using platform encoding (Cp1252 actually) to copy filtered resources, i.e. build is platform dependent!
2017-11-20 11:51:27,868 [Worker-10] INFO  o.e.m.c.i.embedder.EclipseLogger - skip non existing resourceDirectory C:\Users\usuario\Documents\Sistemas de informação20\Sistemas de informação 10\projeto banco dados\Nova pasta\blog-accep02\blog_accepting_posts_and_comments\src\test\resources
2017-11-20 11:51:31,931 [Worker-8] INFO  o.e.m.c.i.l.LifecycleMappingFactory - Using org.eclipse.m2e.jdt.JarLifecycleMapping lifecycle mapping for MavenProject: org.mongodb:M101J:1.0-SNAPSHOT @ C:\Users\usuario\Documents\Sistemas de informação20\Sistemas de informação 10\projeto banco dados\Nova pasta\blog-accep02\blog_accepting_posts_and_comments\pom.xml.
2017-11-20 11:51:32,200 [Worker-23] WARN  o.e.m.c.i.embedder.EclipseLogger - Using platform encoding (Cp1252 actually) to copy filtered resources, i.e. build is platform dependent!
2017-11-20 11:51:32,264 [Worker-23] INFO  o.e.m.c.i.embedder.EclipseLogger - Copying 8 resources
2017-11-20 11:51:32,311 [Worker-23] WARN  o.e.m.c.i.embedder.EclipseLogger - Using platform encoding (Cp1252 actually) to copy filtered resources, i.e. build is platform dependent!
2017-11-20 11:51:32,320 [Worker-23] INFO  o.e.m.c.i.embedder.EclipseLogger - skip non existing resourceDirectory C:\Users\usuario\Documents\Sistemas de informação20\Sistemas de informação 10\projeto banco dados\Nova pasta\blog-accep02\blog_accepting_posts_and_comments\src\test\resources
2017-11-20 11:51:34,004 [Worker-17] WARN  o.e.m.c.i.embedder.EclipseLogger - Using platform encoding (Cp1252 actually) to copy filtered resources, i.e. build is platform dependent!
2017-11-20 11:51:34,015 [Worker-17] INFO  o.e.m.c.i.embedder.EclipseLogger - Copying 0 resource
2017-11-20 11:51:34,017 [Worker-17] WARN  o.e.m.c.i.embedder.EclipseLogger - Using platform encoding (Cp1252 actually) to copy filtered resources, i.e. build is platform dependent!
2017-11-20 11:51:34,026 [Worker-17] INFO  o.e.m.c.i.embedder.EclipseLogger - skip non existing resourceDirectory C:\Users\usuario\Documents\Sistemas de informação20\Sistemas de informação 10\projeto banco dados\Nova pasta\blog-accep02\blog_accepting_posts_and_comments\src\test\resources
2017-11-20 11:51:46,254 [Worker-28] WARN  o.e.m.c.i.embedder.EclipseLogger - Using platform encoding (Cp1252 actually) to copy filtered resources, i.e. build is platform dependent!
2017-11-20 11:51:46,264 [Worker-28] INFO  o.e.m.c.i.embedder.EclipseLogger - Copying 0 resource
2017-11-20 11:51:46,266 [Worker-28] WARN  o.e.m.c.i.embedder.EclipseLogger - Using platform encoding (Cp1252 actually) to copy filtered resources, i.e. build is platform dependent!
2017-11-20 11:51:46,277 [Worker-28] INFO  o.e.m.c.i.embedder.EclipseLogger - skip non existing resourceDirectory C:\Users\usuario\Documents\Sistemas de informação20\Sistemas de informação 10\projeto banco dados\Nova pasta\blog-accep02\blog_accepting_posts_and_comments\src\test\resources
2017-11-20 12:11:05,947 [Worker-3] INFO  c.g.t.t.d.PublishedGradleVersions - Gradle version information cache is up-to-date. Trying to read.
2017-11-20 12:11:18,055 [Worker-7] INFO  o.e.m.c.i.l.LifecycleMappingFactory - Using org.eclipse.m2e.jdt.JarLifecycleMapping lifecycle mapping for MavenProject: org.mongodb:M101J:1.0-SNAPSHOT @ C:\Users\usuario\Documents\Sistemas de informação20\Sistemas de informação 10\projeto banco dados\Nova pasta\blog-accep02\blog_accepting_posts_and_comments\pom.xml.
2017-11-20 12:11:18,398 [Worker-2] INFO  o.e.m.c.i.l.LifecycleMappingFactory - Using org.eclipse.m2e.jdt.JarLifecycleMapping lifecycle mapping for MavenProject: org.mongodb:M101J:1.0-SNAPSHOT @ C:\Users\usuario\Documents\Sistemas de informação20\Sistemas de informação 10\projeto banco dados\Nova pasta\blog-accep02\blog_accepting_posts_and_comments\pom.xml.
2017-11-20 12:11:21,014 [Worker-2] WARN  o.e.m.c.i.embedder.EclipseLogger - Using platform encoding (Cp1252 actually) to copy filtered resources, i.e. build is platform dependent!
2017-11-20 12:11:21,085 [Worker-2] INFO  o.e.m.c.i.embedder.EclipseLogger - Copying 8 resources
2017-11-20 12:11:21,226 [Worker-2] WARN  o.e.m.c.i.embedder.EclipseLogger - Using platform encoding (Cp1252 actually) to copy filtered resources, i.e. build is platform dependent!
2017-11-20 12:11:21,254 [Worker-2] INFO  o.e.m.c.i.embedder.EclipseLogger - skip non existing resourceDirectory C:\Users\usuario\Documents\Sistemas de informação20\Sistemas de informação 10\projeto banco dados\Nova pasta\blog-accep02\blog_accepting_posts_and_comments\src\test\resources
2017-11-20 12:11:24,063 [Worker-5] INFO  o.e.m.c.i.l.LifecycleMappingFactory - Using org.eclipse.m2e.jdt.JarLifecycleMapping lifecycle mapping for MavenProject: org.mongodb:M101J:1.0-SNAPSHOT @ C:\Users\usuario\Documents\Sistemas de informação20\Sistemas de informação 10\projeto banco dados\Nova pasta\blog-accep02\blog_accepting_posts_and_comments\pom.xml.
2017-11-20 12:11:25,307 [Worker-17] WARN  o.e.m.c.i.embedder.EclipseLogger - Using platform encoding (Cp1252 actually) to copy filtered resources, i.e. build is platform dependent!
2017-11-20 12:11:25,324 [Worker-17] INFO  o.e.m.c.i.embedder.EclipseLogger - Copying 0 resource
2017-11-20 12:11:25,331 [Worker-17] WARN  o.e.m.c.i.embedder.EclipseLogger - Using platform encoding (Cp1252 actually) to copy filtered resources, i.e. build is platform dependent!
2017-11-20 12:11:25,347 [Worker-17] INFO  o.e.m.c.i.embedder.EclipseLogger - skip non existing resourceDirectory C:\Users\usuario\Documents\Sistemas de informação20\Sistemas de informação 10\projeto banco dados\Nova pasta\blog-accep02\blog_accepting_posts_and_comments\src\test\resources
